Sat Aug 23 19:19:27 2025 :: Init data space.
Sat Aug 23 19:19:27 2025 :: Setting time and weather.
Sat Aug 23 19:19:27 2025 :: Assigning GSN's.
Loading class: mage
Loading class: cleric
Loading class: thief
Loading class: warrior
Loading class: ranger
Loading class: druid
Loading class: vampire
Loading class: wizard
Loading class: priest
Loading class: mercenary
Loading class: gladiator
Loading class: strider
Loading class: sage
Loading class: lich
Loading class: warlock
Loading class: bishop
Loading class: assassin
Loading class: swordsman
Loading class: wanderer
Loading class: forestling
Loading class: necromancer
Loading group: rom basics
Loading group: mage basics
Loading group: cleric basics
Loading group: thief basics
Loading group: warrior basics
Loading group: ranger basics
Loading group: druid basics
Loading group: vampire basics
Loading group: wizard basics
Loading group: priest basics
Loading group: mercenary basics
Loading group: gladiator basics
Loading group: strider basics
Loading group: sage basics
Loading group: lich basics
Loading group: mage default
Loading group: cleric default
Loading group: thief default
Loading group: warrior default
Loading group: ranger default
Loading group: druid default
Loading group: vampire default
Loading group: wizard default
Loading group: priest default
Loading group: mercenary default
Loading group: gladiator default
Loading group: strider default
Loading group: sage default
Loading group: lich default
Loading group: weaponsmaster
Loading group: attack
Loading group: beguiling
Loading group: benedictions
Loading group: combat
Loading group: creation
Loading group: curative
Loading group: detection
Loading group: draconian
Loading group: enchantment
Loading group: enhancement
Loading group: harmful
Loading group: healing
Loading group: illusion
Loading group: maladictions
Loading group: protective
Loading group: shielding
Loading group: transportation
Loading group: weather
Sat Aug 23 19:19:27 2025 :: Reading Area List.
Sat Aug 23 19:19:27 2025 :: reading rot.are
Sat Aug 23 19:19:27 2025 :: reading help.are
Sat Aug 23 19:19:27 2025 :: reading group.are
Sat Aug 23 19:19:27 2025 :: reading olc.hlp
Sat Aug 23 19:19:27 2025 :: reading den.are
Sat Aug 23 19:19:27 2025 :: reading clans.are
Sat Aug 23 19:19:27 2025 :: reading academy.are
Sat Aug 23 19:19:27 2025 :: reading township.are
Sat Aug 23 19:19:27 2025 :: reading mpass.are
Sat Aug 23 19:19:27 2025 :: reading csolace.are
Sat Aug 23 19:19:27 2025 :: reading floating.are
Sat Aug 23 19:19:27 2025 :: reading graveyd.are
Sat Aug 23 19:19:27 2025 :: reading undercft.are
Sat Aug 23 19:19:27 2025 :: Fixing exits.
Sat Aug 23 19:19:27 2025 :: Fixing MobProgs.
Sat Aug 23 19:19:27 2025 :: Converting Objects.
Sat Aug 23 19:19:27 2025 :: Area Update.
Sat Aug 23 19:19:27 2025 :: Loading Moveable Exits.
Sat Aug 23 19:19:27 2025 :: Loading Notes.
Sat Aug 23 19:19:27 2025 :: Loading Bans.
Sat Aug 23 19:19:27 2025 :: Loading Wizlist.
Sat Aug 23 19:19:27 2025 :: Loading Clanlists.
Sat Aug 23 19:19:27 2025 :: Loading Songs.
Sat Aug 23 19:19:27 2025 :: Loading Socials.
Sat Aug 23 19:19:27 2025 :: Lost Legends is ready to rock on port 4000.
Sat Aug 23 19:20:03 2025 :: Sock.sinaddr:  23.234.89.75
Sat Aug 23 19:20:08 2025 :: Loading Chaos.
Sat Aug 23 19:20:12 2025 :: Chaos@static-23-234-89-75.cust.tzulo.com has connected.
